{"level":30,"time":1772063474782,"pid":31042,"hostname":"ebno","action":"revoke_session","http.method":"POST","http.url":"http://localhost:5173/auth/dashboard","form.action":"revoke_session","form.session":"UUzuP1m9tdfwNqA6nS9voHLZra85uxzP","msg":"GOT_ACTION"}
{"level":30,"time":1772063474796,"pid":31042,"hostname":"ebno","reason":"null_session","http.method":"GET","http.url":"http://localhost:5173/auth/dashboard","msg":"REDIRECT"}
{"level":30,"time":1772063474806,"pid":31042,"hostname":"ebno","http.method":"GET","http.url":"http://localhost:5173/auth/login","msg":"GOT_LOADER"}
{"level":30,"time":1772063475416,"pid":31042,"hostname":"ebno","http.method":"GET","http.url":"http://localhost:5173/auth/login","msg":"GOT_LOADER"}
{"level":30,"time":1772063482102,"pid":31042,"hostname":"ebno","http.method":"GET","http.url":"http://localhost:5173/auth/register","msg":"GOT_LOADER"}
{"level":30,"time":1772063492920,"pid":31042,"hostname":"ebno","http.method":"POST","http.url":"http://localhost:5173/auth/register","form.action":"register","form.username":"fdsa","form.email":"fdsa@fdsa.fdsa","form.password":"[REDACTED]","form.repeat":"[REDACTED]","msg":"GOT_ACTION"}
{"level":30,"time":1772063492926,"pid":31042,"hostname":"ebno","http.method":"GET","http.url":"http://localhost:5173/auth/register","msg":"GOT_LOADER"}
{"level":30,"time":1772063496764,"pid":31042,"hostname":"ebno","http.method":"POST","http.url":"http://localhost:5173/auth/register","form.action":"register","form.username":"fdsa","form.email":"fdsa@fdsa.fdsa","form.password":"[REDACTED]","form.repeat":"[REDACTED]","msg":"GOT_ACTION"}
{"level":30,"time":1772063496872,"pid":31042,"hostname":"ebno","user.email":"fdsa@fdsa.fdsa","user.id":"AlCzPEKlvfuA4OzGltDNmtHVfH5uOwGM","msg":"SEND_VERIFICATION_EMAIL"}
{"level":30,"time":1772064510906,"pid":15091,"hostname":"ebno","http.method":"GET","http.url":"http://localhost:5173/auth/register","msg":"GOT_LOADER"}
{"level":30,"time":1772064511488,"pid":15091,"hostname":"ebno","http.method":"GET","http.url":"http://localhost:5173/auth/register","msg":"GOT_LOADER"}
{"level":30,"time":1772064525118,"pid":15091,"hostname":"ebno","http.method":"POST","http.url":"http://localhost:5173/auth/register","form.action":"register","form.username":"zxcv","form.email":"zxcv@zxcv.zxcv","form.password":"[REDACTED]","form.repeat":"[REDACTED]","msg":"GOT_ACTION"}
{"level":30,"time":1772064525220,"pid":15091,"hostname":"ebno","user.email":"zxcv@zxcv.zxcv","user.id":"R30hl4wLlWPOvt0fwTLm5keN8D92wGqS","msg":"SEND_VERIFICATION_EMAIL"}
{"level":30,"time":1772064525265,"pid":15091,"hostname":"ebno","user.id":"R30hl4wLlWPOvt0fwTLm5keN8D92wGqS","http.method":"GET","http.url":"http://localhost:5173/auth/dashboard","msg":"GOT_LOADER"}
{"level":30,"time":1772064525779,"pid":15091,"hostname":"ebno","user.id":"R30hl4wLlWPOvt0fwTLm5keN8D92wGqS","http.method":"GET","http.url":"http://localhost:5173/auth/dashboard","msg":"GOT_LOADER"}
{"level":30,"time":1772064807026,"pid":15091,"hostname":"ebno","user.id":"R30hl4wLlWPOvt0fwTLm5keN8D92wGqS","http.method":"GET","http.url":"http://localhost:5173/auth/dashboard","msg":"GOT_LOADER"}
{"level":30,"time":1772065737247,"pid":15091,"hostname":"ebno","action":"revoke_session","http.method":"POST","http.url":"http://localhost:5173/auth/dashboard","form.action":"revoke_session","form.session":"lA30DHeB3GcdFAZHLf5zwtbBcX7N55uP","msg":"GOT_ACTION"}
{"level":30,"time":1772065737264,"pid":15091,"hostname":"ebno","reason":"null_session","http.method":"GET","http.url":"http://localhost:5173/auth/dashboard","msg":"REDIRECT"}
{"level":30,"time":1772065737287,"pid":15091,"hostname":"ebno","http.method":"GET","http.url":"http://localhost:5173/auth/login","msg":"GOT_LOADER"}
{"level":30,"time":1772065739275,"pid":15091,"hostname":"ebno","http.method":"GET","http.url":"http://localhost:5173/auth/register","msg":"GOT_LOADER"}
{"level":30,"time":1772065746796,"pid":15091,"hostname":"ebno","http.method":"POST","http.url":"http://localhost:5173/auth/register","form.action":"register","form.username":"nate","form.email":"natey3k@gmail.com","form.password":"[REDACTED]","form.repeat":"[REDACTED]","msg":"GOT_ACTION"}
{"level":30,"time":1772065746866,"pid":15091,"hostname":"ebno","user.email":"natey3k@gmail.com","user.id":"0FjgRLd1Ox1pl2SatQqUzcoTf99AVXw1","msg":"SEND_VERIFICATION_EMAIL"}
{"level":30,"time":1772065746879,"pid":15091,"hostname":"ebno","user.id":"0FjgRLd1Ox1pl2SatQqUzcoTf99AVXw1","http.method":"GET","http.url":"http://localhost:5173/auth/dashboard","msg":"GOT_LOADER"}
{"level":30,"time":1772065900013,"pid":15091,"hostname":"ebno","user.id":"0FjgRLd1Ox1pl2SatQqUzcoTf99AVXw1","http.method":"GET","http.url":"http://localhost:5173/auth/dashboard","msg":"GOT_LOADER"}
{"level":30,"time":1772065901019,"pid":15091,"hostname":"ebno","user.id":"0FjgRLd1Ox1pl2SatQqUzcoTf99AVXw1","http.method":"GET","http.url":"http://localhost:5173/auth/dashboard","msg":"GOT_LOADER"}
{"level":30,"time":1772065929014,"pid":15091,"hostname":"ebno","user.id":"0FjgRLd1Ox1pl2SatQqUzcoTf99AVXw1","http.method":"GET","http.url":"http://localhost:5173/auth/dashboard","msg":"GOT_LOADER"}
{"level":30,"time":1772065930014,"pid":15091,"hostname":"ebno","user.id":"0FjgRLd1Ox1pl2SatQqUzcoTf99AVXw1","http.method":"GET","http.url":"http://localhost:5173/auth/dashboard","msg":"GOT_LOADER"}
{"level":30,"time":1772065934777,"pid":15091,"hostname":"ebno","action":"email_resend_verification","http.method":"POST","http.url":"http://localhost:5173/auth/dashboard","form.action":"email_resend_verification","msg":"GOT_ACTION"}
{"level":30,"time":1772065934786,"pid":15091,"hostname":"ebno","user.email":"natey3k@gmail.com","user.id":"0FjgRLd1Ox1pl2SatQqUzcoTf99AVXw1","msg":"SEND_VERIFICATION_EMAIL"}
{"level":50,"time":1772065935409,"pid":15091,"hostname":"ebno","error":{"statusCode":422,"name":"validation_error","message":"Invalid `from` field. The email address needs to follow the `email@example.com` or `Name <email@example.com>` format."},"headers":{"cf-cache-status":"DYNAMIC","cf-ray":"9d3b581fcff444a6-IAD","connection":"keep-alive","content-length":"174","content-type":"application/json","date":"Thu, 26 Feb 2026 00:32:15 GMT","ratelimit-limit":"2","ratelimit-policy":"2;w=1","ratelimit-remaining":"1","ratelimit-reset":"1","server":"cloudflare"},"msg":"RESEND_ERROR"}
{"level":30,"time":1772065935420,"pid":15091,"hostname":"ebno","user.id":"0FjgRLd1Ox1pl2SatQqUzcoTf99AVXw1","http.method":"GET","http.url":"http://localhost:5173/auth/dashboard","msg":"GOT_LOADER"}
{"level":30,"time":1772065986018,"pid":15091,"hostname":"ebno","user.id":"0FjgRLd1Ox1pl2SatQqUzcoTf99AVXw1","http.method":"GET","http.url":"http://localhost:5173/auth/dashboard","msg":"GOT_LOADER"}
{"level":30,"time":1772066005002,"pid":15091,"hostname":"ebno","user.id":"0FjgRLd1Ox1pl2SatQqUzcoTf99AVXw1","http.method":"GET","http.url":"http://localhost:5173/auth/dashboard","msg":"GOT_LOADER"}
{"level":30,"time":1772066007647,"pid":15091,"hostname":"ebno","action":"email_resend_verification","http.method":"POST","http.url":"http://localhost:5173/auth/dashboard","form.action":"email_resend_verification","msg":"GOT_ACTION"}
{"level":30,"time":1772066007652,"pid":15091,"hostname":"ebno","user.email":"natey3k@gmail.com","user.id":"0FjgRLd1Ox1pl2SatQqUzcoTf99AVXw1","msg":"SEND_VERIFICATION_EMAIL"}
{"level":50,"time":1772066008099,"pid":15091,"hostname":"ebno","error":{"statusCode":403,"message":"Not authorized to send emails from reluekiss.com"},"headers":{"cf-cache-status":"DYNAMIC","cf-ray":"9d3b59e5ba403ee0-EWR","connection":"keep-alive","content-encoding":"br","content-type":"application/json","date":"Thu, 26 Feb 2026 00:33:28 GMT","ratelimit-limit":"2","ratelimit-policy":"2;w=1","ratelimit-remaining":"1","ratelimit-reset":"1","server":"cloudflare","transfer-encoding":"chunked","x-resend-daily-quota":"0","x-resend-monthly-quota":"0"},"msg":"RESEND_ERROR"}
{"level":30,"time":1772066008108,"pid":15091,"hostname":"ebno","user.id":"0FjgRLd1Ox1pl2SatQqUzcoTf99AVXw1","http.method":"GET","http.url":"http://localhost:5173/auth/dashboard","msg":"GOT_LOADER"}
{"level":30,"time":1772066034015,"pid":15091,"hostname":"ebno","user.id":"0FjgRLd1Ox1pl2SatQqUzcoTf99AVXw1","http.method":"GET","http.url":"http://localhost:5173/auth/dashboard","msg":"GOT_LOADER"}
{"level":30,"time":1772066039026,"pid":15091,"hostname":"ebno","user.id":"0FjgRLd1Ox1pl2SatQqUzcoTf99AVXw1","http.method":"GET","http.url":"http://localhost:5173/auth/dashboard","msg":"GOT_LOADER"}
{"level":30,"time":1772066043156,"pid":15091,"hostname":"ebno","action":"email_resend_verification","http.method":"POST","http.url":"http://localhost:5173/auth/dashboard","form.action":"email_resend_verification","msg":"GOT_ACTION"}
{"level":30,"time":1772066043159,"pid":15091,"hostname":"ebno","user.email":"natey3k@gmail.com","user.id":"0FjgRLd1Ox1pl2SatQqUzcoTf99AVXw1","msg":"SEND_VERIFICATION_EMAIL"}
{"level":30,"time":1772066043433,"pid":15091,"hostname":"ebno","id":"f8cce2c6-0720-40e6-9875-2550df976995","headers":{"cf-cache-status":"DYNAMIC","cf-ray":"9d3b5ac2eb8caeda-IAD","connection":"keep-alive","content-encoding":"br","content-type":"application/json","date":"Thu, 26 Feb 2026 00:34:03 GMT","ratelimit-limit":"2","ratelimit-policy":"2;w=1","ratelimit-remaining":"1","ratelimit-reset":"1","server":"cloudflare","transfer-encoding":"chunked","x-resend-daily-quota":"0","x-resend-monthly-quota":"0"},"msg":"RESEND_SUCCESS"}
{"level":30,"time":1772066043441,"pid":15091,"hostname":"ebno","user.id":"0FjgRLd1Ox1pl2SatQqUzcoTf99AVXw1","http.method":"GET","http.url":"http://localhost:5173/auth/dashboard","msg":"GOT_LOADER"}
{"level":30,"time":1772066166682,"pid":15091,"hostname":"ebno","user.id":"0FjgRLd1Ox1pl2SatQqUzcoTf99AVXw1","http.method":"GET","http.url":"http://localhost:5173/auth/dashboard","msg":"GOT_LOADER"}
{"level":30,"time":1772066196458,"pid":15091,"hostname":"ebno","user.id":"0FjgRLd1Ox1pl2SatQqUzcoTf99AVXw1","http.method":"GET","http.url":"http://localhost:5173/auth/dashboard","msg":"GOT_LOADER"}
{"level":30,"time":1772066258023,"pid":15091,"hostname":"ebno","user.id":"0FjgRLd1Ox1pl2SatQqUzcoTf99AVXw1","http.method":"GET","http.url":"http://localhost:5173/auth/dashboard","msg":"GOT_LOADER"}
{"level":30,"time":1772066259019,"pid":15091,"hostname":"ebno","user.id":"0FjgRLd1Ox1pl2SatQqUzcoTf99AVXw1","http.method":"GET","http.url":"http://localhost:5173/auth/dashboard","msg":"GOT_LOADER"}
{"level":30,"time":1772066390249,"pid":15091,"hostname":"ebno","user.id":"0FjgRLd1Ox1pl2SatQqUzcoTf99AVXw1","http.method":"GET","http.url":"http://localhost:5173/auth/dashboard","msg":"GOT_LOADER"}
{"level":30,"time":1772066470202,"pid":15091,"hostname":"ebno","user.id":"0FjgRLd1Ox1pl2SatQqUzcoTf99AVXw1","http.method":"GET","http.url":"http://localhost:5173/auth/dashboard","msg":"GOT_LOADER"}
{"level":30,"time":1772066683244,"pid":15091,"hostname":"ebno","user.id":"0FjgRLd1Ox1pl2SatQqUzcoTf99AVXw1","http.method":"GET","http.url":"http://localhost:5173/auth/dashboard","msg":"GOT_LOADER"}
{"level":30,"time":1772066758010,"pid":19715,"hostname":"ebno","http.method":"GET","http.url":"http://localhost/auth/login","msg":"GOT_LOADER"}
{"level":30,"time":1772066758026,"pid":19715,"hostname":"ebno","http.method":"GET","http.url":"http://localhost/auth/register","msg":"GOT_LOADER"}
{"level":30,"time":1772066758032,"pid":19715,"hostname":"ebno","http.method":"GET","http.url":"http://localhost/auth/logout","msg":"GOT_LOADER"}
{"level":30,"time":1772066758036,"pid":19715,"hostname":"ebno","http.method":"GET","http.url":"http://localhost/auth/forgot","msg":"GOT_LOADER"}
{"level":30,"time":1772066758046,"pid":19715,"hostname":"ebno","reason":"null_session","http.method":"GET","http.url":"http://localhost/auth/dashboard","msg":"REDIRECT"}
{"level":30,"time":1772066758048,"pid":19715,"hostname":"ebno","http.method":"GET","http.url":"http://localhost/auth/2fa","msg":"GOT_LOADER"}
{"level":30,"time":1772066758048,"pid":19715,"hostname":"ebno","reason":"no_cookies","http.method":"GET","http.url":"http://localhost/auth/2fa","msg":"REDIRECT"}
{"level":30,"time":1772066758055,"pid":19715,"hostname":"ebno","http.method":"GET","http.url":"http://localhost/auth/login","msg":"GOT_LOADER"}
{"level":30,"time":1772066758066,"pid":19715,"hostname":"ebno","http.method":"GET","http.url":"http://localhost/auth/register","msg":"GOT_LOADER"}
{"level":30,"time":1772066758070,"pid":19715,"hostname":"ebno","http.method":"GET","http.url":"http://localhost/auth/logout","msg":"GOT_LOADER"}
{"level":30,"time":1772066758079,"pid":19715,"hostname":"ebno","http.method":"GET","http.url":"http://localhost/auth/forgot","msg":"GOT_LOADER"}
{"level":30,"time":1772066758083,"pid":19715,"hostname":"ebno","http.method":"GET","http.url":"http://localhost/auth/2fa","msg":"GOT_LOADER"}
{"level":30,"time":1772066758083,"pid":19715,"hostname":"ebno","reason":"no_cookies","http.method":"GET","http.url":"http://localhost/auth/2fa","msg":"REDIRECT"}
{"level":30,"time":1772066916018,"pid":20724,"hostname":"ebno","http.method":"GET","http.url":"http://localhost/auth/login","msg":"GOT_LOADER"}
{"level":30,"time":1772066916034,"pid":20724,"hostname":"ebno","http.method":"GET","http.url":"http://localhost/auth/register","msg":"GOT_LOADER"}
{"level":30,"time":1772066916040,"pid":20724,"hostname":"ebno","http.method":"GET","http.url":"http://localhost/auth/logout","msg":"GOT_LOADER"}
{"level":30,"time":1772066916043,"pid":20724,"hostname":"ebno","http.method":"GET","http.url":"http://localhost/auth/forgot","msg":"GOT_LOADER"}
{"level":30,"time":1772066916053,"pid":20724,"hostname":"ebno","reason":"null_session","http.method":"GET","http.url":"http://localhost/auth/dashboard","msg":"REDIRECT"}
{"level":30,"time":1772066916056,"pid":20724,"hostname":"ebno","http.method":"GET","http.url":"http://localhost/auth/2fa","msg":"GOT_LOADER"}
{"level":30,"time":1772066916057,"pid":20724,"hostname":"ebno","reason":"no_cookies","http.method":"GET","http.url":"http://localhost/auth/2fa","msg":"REDIRECT"}
{"level":30,"time":1772066916071,"pid":20724,"hostname":"ebno","http.method":"GET","http.url":"http://localhost/auth/login","msg":"GOT_LOADER"}
{"level":30,"time":1772066916076,"pid":20724,"hostname":"ebno","http.method":"GET","http.url":"http://localhost/auth/register","msg":"GOT_LOADER"}
{"level":30,"time":1772066916080,"pid":20724,"hostname":"ebno","http.method":"GET","http.url":"http://localhost/auth/logout","msg":"GOT_LOADER"}
{"level":30,"time":1772066916089,"pid":20724,"hostname":"ebno","http.method":"GET","http.url":"http://localhost/auth/forgot","msg":"GOT_LOADER"}
{"level":30,"time":1772066916093,"pid":20724,"hostname":"ebno","http.method":"GET","http.url":"http://localhost/auth/2fa","msg":"GOT_LOADER"}
{"level":30,"time":1772066916094,"pid":20724,"hostname":"ebno","reason":"no_cookies","http.method":"GET","http.url":"http://localhost/auth/2fa","msg":"REDIRECT"}
{"level":30,"time":1772067259425,"pid":21898,"hostname":"ebno","user.id":"0FjgRLd1Ox1pl2SatQqUzcoTf99AVXw1","http.method":"GET","http.url":"http://localhost:5173/auth/dashboard","msg":"GOT_LOADER"}
{"level":30,"time":1772067259853,"pid":21898,"hostname":"ebno","user.id":"0FjgRLd1Ox1pl2SatQqUzcoTf99AVXw1","http.method":"GET","http.url":"http://localhost:5173/auth/dashboard","msg":"GOT_LOADER"}
{"level":30,"time":1772067263456,"pid":21898,"hostname":"ebno","action":"email_resend_verification","http.method":"POST","http.url":"http://localhost:5173/auth/dashboard","form.action":"email_resend_verification","msg":"GOT_ACTION"}
{"level":30,"time":1772067263462,"pid":21898,"hostname":"ebno","user.email":"natey3k@gmail.com","user.id":"0FjgRLd1Ox1pl2SatQqUzcoTf99AVXw1","msg":"SEND_VERIFICATION_EMAIL"}
{"level":30,"time":1772067263973,"pid":21898,"hostname":"ebno","id":"7ffb2181-12b1-461f-a415-56605fb39630","headers":{"cf-cache-status":"DYNAMIC","cf-ray":"9d3b788f48089c5a-IAD","connection":"keep-alive","content-encoding":"br","content-type":"application/json","date":"Thu, 26 Feb 2026 00:54:23 GMT","ratelimit-limit":"2","ratelimit-policy":"2;w=1","ratelimit-remaining":"1","ratelimit-reset":"1","server":"cloudflare","transfer-encoding":"chunked","x-resend-daily-quota":"1","x-resend-monthly-quota":"1"},"msg":"RESEND_SUCCESS"}
{"level":30,"time":1772067263984,"pid":21898,"hostname":"ebno","user.id":"0FjgRLd1Ox1pl2SatQqUzcoTf99AVXw1","http.method":"GET","http.url":"http://localhost:5173/auth/dashboard","msg":"GOT_LOADER"}
{"level":30,"time":1772067556253,"pid":21898,"hostname":"ebno","user.id":"0FjgRLd1Ox1pl2SatQqUzcoTf99AVXw1","http.method":"GET","http.url":"http://localhost:5173/auth/dashboard","msg":"GOT_LOADER"}
{"level":30,"time":1772067557171,"pid":21898,"hostname":"ebno","action":"email_resend_verification","http.method":"POST","http.url":"http://localhost:5173/auth/dashboard","form.action":"email_resend_verification","msg":"GOT_ACTION"}
{"level":30,"time":1772067557176,"pid":21898,"hostname":"ebno","user.email":"natey3k@gmail.com","user.id":"0FjgRLd1Ox1pl2SatQqUzcoTf99AVXw1","msg":"SEND_VERIFICATION_EMAIL"}
{"level":30,"time":1772067557311,"pid":21898,"hostname":"ebno","id":"45be9ed0-48cd-4c59-88eb-dc2e6361aa6c","headers":{"cf-cache-status":"DYNAMIC","cf-ray":"9d3b7fb87e439c5a-IAD","connection":"keep-alive","content-encoding":"br","content-type":"application/json","date":"Thu, 26 Feb 2026 00:59:17 GMT","ratelimit-limit":"2","ratelimit-policy":"2;w=1","ratelimit-remaining":"1","ratelimit-reset":"1","server":"cloudflare","transfer-encoding":"chunked","x-resend-daily-quota":"2","x-resend-monthly-quota":"2"},"msg":"RESEND_SUCCESS"}
{"level":30,"time":1772067557324,"pid":21898,"hostname":"ebno","user.id":"0FjgRLd1Ox1pl2SatQqUzcoTf99AVXw1","http.method":"GET","http.url":"http://localhost:5173/auth/dashboard","msg":"GOT_LOADER"}
{"level":30,"time":1772070499912,"pid":21898,"hostname":"ebno","user.id":"0FjgRLd1Ox1pl2SatQqUzcoTf99AVXw1","http.method":"GET","http.url":"http://localhost:5173/auth/dashboard","msg":"GOT_LOADER"}
{"level":30,"time":1772070500640,"pid":21898,"hostname":"ebno","action":"email_resend_verification","http.method":"POST","http.url":"http://localhost:5173/auth/dashboard","form.action":"email_resend_verification","msg":"GOT_ACTION"}
{"level":30,"time":1772070500648,"pid":21898,"hostname":"ebno","user.email":"natey3k@gmail.com","user.id":"0FjgRLd1Ox1pl2SatQqUzcoTf99AVXw1","msg":"SEND_VERIFICATION_EMAIL"}
{"level":30,"time":1772070501193,"pid":21898,"hostname":"ebno","id":"375204af-9b1b-427c-a26f-347018af3924","headers":{"cf-cache-status":"DYNAMIC","cf-ray":"9d3bc797dbcd81d0-IAD","connection":"keep-alive","content-encoding":"br","content-type":"application/json","date":"Thu, 26 Feb 2026 01:48:21 GMT","ratelimit-limit":"2","ratelimit-policy":"2;w=1","ratelimit-remaining":"1","ratelimit-reset":"1","server":"cloudflare","transfer-encoding":"chunked","x-resend-daily-quota":"3","x-resend-monthly-quota":"3"},"msg":"RESEND_SUCCESS"}
{"level":30,"time":1772070501205,"pid":21898,"hostname":"ebno","user.id":"0FjgRLd1Ox1pl2SatQqUzcoTf99AVXw1","http.method":"GET","http.url":"http://localhost:5173/auth/dashboard","msg":"GOT_LOADER"}
